[debug] [2020-06-05T04:11:26.673Z] ----------------------------------------------------------------------
[debug] [2020-06-05T04:11:26.675Z] Command:       C:\program files\nodejs\node.exe C:\Users\diego\AppData\Roaming\npm\node_modules\firebase-tools\lib\bin\firebase.js emulators:start
[debug] [2020-06-05T04:11:26.675Z] CLI Version:   8.4.1
[debug] [2020-06-05T04:11:26.675Z] Platform:      win32
[debug] [2020-06-05T04:11:26.675Z] Node Version:  v12.14.0
[debug] [2020-06-05T04:11:26.676Z] Time:          Thu Jun 04 2020 23:11:26 GMT-0500 (Colombia Standard Time)
[debug] [2020-06-05T04:11:26.676Z] ----------------------------------------------------------------------
[debug] [2020-06-05T04:11:26.677Z] 
[debug] [2020-06-05T04:11:26.683Z] > command requires scopes: ["email","openid","https://www.googleapis.com/auth/cloudplatformprojects.readonly","https://www.googleapis.com/auth/firebase","https://www.googleapis.com/auth/cloud-platform"]
[debug] [2020-06-05T04:11:26.683Z] > authorizing via signed-in user
[info] i  emulators: Starting emulators: functions, firestore, hosting {"metadata":{"emulator":{"name":"hub"},"message":"Starting emulators: functions, firestore, hosting"}}
[debug] [2020-06-05T04:11:28.702Z] [hub] writing locator at C:\Users\diego\AppData\Local\Temp\hub-menusonline-f988f.json
[warn] !  Your requested "node" version "8" doesn't match your global version "12" {"metadata":{"emulator":{"name":"functions"},"message":"Your requested \"node\" version \"8\" doesn't match your global version \"12\""}}
[debug] [2020-06-05T04:11:32.739Z] Ignoring unsupported arg: projectId {"metadata":{"emulator":{"name":"firestore"},"message":"Ignoring unsupported arg: projectId"}}
[debug] [2020-06-05T04:11:32.740Z] Ignoring unsupported arg: auto_download {"metadata":{"emulator":{"name":"firestore"},"message":"Ignoring unsupported arg: auto_download"}}
[debug] [2020-06-05T04:11:32.740Z] Starting Firestore Emulator with command {"binary":"java","args":["-Duser.language=en","-jar","C:\\Users\\diego\\.cache\\firebase\\emulators\\cloud-firestore-emulator-v1.11.4.jar","--host","localhost","--port",8081,"--rules","C:\\Users\\diego\\Desktop\\profofconcept\\pdfonline\\firestore.rules","--functions_emulator","localhost:5001"],"optionalArgs":["port","webchannel_port","host","rules","functions_emulator","seed_from_export"],"joinArgs":false} {"metadata":{"emulator":{"name":"firestore"},"message":"Starting Firestore Emulator with command {\"binary\":\"java\",\"args\":[\"-Duser.language=en\",\"-jar\",\"C:\\\\Users\\\\diego\\\\.cache\\\\firebase\\\\emulators\\\\cloud-firestore-emulator-v1.11.4.jar\",\"--host\",\"localhost\",\"--port\",8081,\"--rules\",\"C:\\\\Users\\\\diego\\\\Desktop\\\\profofconcept\\\\pdfonline\\\\firestore.rules\",\"--functions_emulator\",\"localhost:5001\"],\"optionalArgs\":[\"port\",\"webchannel_port\",\"host\",\"rules\",\"functions_emulator\",\"seed_from_export\"],\"joinArgs\":false}"}}
[info] i  firestore: Firestore Emulator logging to firestore-debug.log {"metadata":{"emulator":{"name":"firestore"},"message":"Firestore Emulator logging to \u001b[1mfirestore-debug.log\u001b[22m"}}
[debug] [2020-06-05T04:11:34.059Z] API endpoint: http://localhost:8081 {"metadata":{"emulator":{"name":"firestore"},"message":"API endpoint: http://localhost:8081"}}
[debug] [2020-06-05T04:11:34.060Z] 
If you are using a library that supports the FIRESTORE_EMULATOR_HOST environment variable, run:

   export FIRESTORE_EMULATOR_HOST=localhost:8081

Dev App Server is now running.

 {"metadata":{"emulator":{"name":"firestore"},"message":"\nIf you are using a library that supports the FIRESTORE_EMULATOR_HOST environment variable, run:\r\n\n   export FIRESTORE_EMULATOR_HOST=localhost:8081\n\nDev App Server is now running.\n\r\n"}}
[debug] [2020-06-05T04:11:36.273Z] >>> HTTP REQUEST GET https://firebase.googleapis.com/v1beta1/projects/menusonline-f988f/webApps/-/config  
 
[debug] [2020-06-05T04:11:36.859Z] <<< HTTP RESPONSE 200 {"content-type":"application/json; charset=UTF-8","vary":"X-Origin, Referer, Origin,Accept-Encoding","date":"Fri, 05 Jun 2020 04:11:37 GMT","server":"ESF","cache-control":"private","x-xss-protection":"0","x-frame-options":"SAMEORIGIN","x-content-type-options":"nosniff","alt-svc":"h3-27=\":443\"; ma=2592000,h3-25=\":443\"; ma=2592000,h3-T050=\":443\"; ma=2592000,h3-Q050=\":443\"; ma=2592000,h3-Q049=\":443\"; ma=2592000,h3-Q048=\":443\"; ma=2592000,h3-Q046=\":443\"; ma=2592000,h3-Q043=\":443\"; ma=2592000,quic=\":443\"; ma=2592000; v=\"46,43\"","accept-ranges":"none","transfer-encoding":"chunked"}
[info] i  hosting: Serving hosting files from: dist {"metadata":{"emulator":{"name":"hosting"},"message":"Serving hosting files from: \u001b[1mdist\u001b[22m"}}
[info] +  hosting: Local server: http://localhost:5000 {"metadata":{"emulator":{"name":"hosting"},"message":"Local server: \u001b[4m\u001b[1mhttp://localhost:5000\u001b[22m\u001b[24m"}}
[debug] [2020-06-05T04:11:40.889Z] Ignoring unsupported arg: auto_download {"metadata":{"emulator":{"name":"ui"},"message":"Ignoring unsupported arg: auto_download"}}
[debug] [2020-06-05T04:11:40.889Z] Ignoring unsupported arg: port {"metadata":{"emulator":{"name":"ui"},"message":"Ignoring unsupported arg: port"}}
[debug] [2020-06-05T04:11:40.889Z] Starting Emulator UI with command {"binary":"node","args":["C:\\Users\\diego\\.cache\\firebase\\emulators\\ui-v1.0.0\\server.bundle.js"],"optionalArgs":[],"joinArgs":false} {"metadata":{"emulator":{"name":"ui"},"message":"Starting Emulator UI with command {\"binary\":\"node\",\"args\":[\"C:\\\\Users\\\\diego\\\\.cache\\\\firebase\\\\emulators\\\\ui-v1.0.0\\\\server.bundle.js\"],\"optionalArgs\":[],\"joinArgs\":false}"}}
[info] i  ui: Emulator UI logging to ui-debug.log {"metadata":{"emulator":{"name":"ui"},"message":"Emulator UI logging to \u001b[1mui-debug.log\u001b[22m"}}
[debug] [2020-06-05T04:11:41.021Z] Web / API server started at http://localhost:4000
 {"metadata":{"emulator":{"name":"ui"},"message":"Web / API server started at http://localhost:4000\n"}}
[info] i  functions: Watching "C:\Users\diego\Desktop\profofconcept\pdfonline\functions" for Cloud Functions... {"metadata":{"emulator":{"name":"functions"},"message":"Watching \"C:\\Users\\diego\\Desktop\\profofconcept\\pdfonline\\functions\" for Cloud Functions..."}}
[debug] [2020-06-05T04:11:41.444Z] [worker-pool] addWorker(~diagnostic~) {"metadata":{"emulator":{"name":"functions"},"message":"[worker-pool] addWorker(~diagnostic~)"}}
[debug] [2020-06-05T04:11:41.444Z] [worker-pool] Adding worker with key ~diagnostic~, total=1 {"metadata":{"emulator":{"name":"functions"},"message":"[worker-pool] Adding worker with key ~diagnostic~, total=1"}}
[debug] [2020-06-05T04:11:41.444Z] [worker-pool] submitWork(triggerId=) {"metadata":{"emulator":{"name":"functions"},"message":"[worker-pool] submitWork(triggerId=)"}}
[debug] [2020-06-05T04:11:41.445Z] [worker-~diagnostic~-abd4c31b-04f2-46df-bdb9-35761ddfa2c2]: Assigning socketPath: \\?\pipe\C:\Users\diego\Desktop\profofconcept\pdfonline\functions\22968 {"metadata":{"emulator":{"name":"functions"},"message":"[worker-~diagnostic~-abd4c31b-04f2-46df-bdb9-35761ddfa2c2]: Assigning socketPath: \\\\?\\pipe\\C:\\Users\\diego\\Desktop\\profofconcept\\pdfonline\\functions\\22968"}}
[debug] [2020-06-05T04:11:41.445Z] [worker-~diagnostic~-abd4c31b-04f2-46df-bdb9-35761ddfa2c2]: BUSY {"metadata":{"emulator":{"name":"functions"},"message":"[worker-~diagnostic~-abd4c31b-04f2-46df-bdb9-35761ddfa2c2]: BUSY"}}
[debug] [2020-06-05T04:11:41.850Z] [runtime-status] [22968] Functions runtime initialized. {"cwd":"C:\\Users\\diego\\Desktop\\profofconcept\\pdfonline\\functions","node_version":"12.14.0"} {"metadata":{"emulator":{"name":"functions"},"message":"[runtime-status] [22968] Functions runtime initialized. {\"cwd\":\"C:\\\\Users\\\\diego\\\\Desktop\\\\profofconcept\\\\pdfonline\\\\functions\",\"node_version\":\"12.14.0\"}"}}
[debug] [2020-06-05T04:11:41.851Z] [runtime-status] [22968] Disabled runtime features: undefined {"metadata":{"emulator":{"name":"functions"},"message":"[runtime-status] [22968] Disabled runtime features: undefined"}}
[debug] [2020-06-05T04:11:41.853Z] [runtime-status] [22968] Resolved module firebase-admin {"declared":true,"installed":true,"version":"8.12.1","resolution":"C:\\Users\\diego\\Desktop\\profofconcept\\pdfonline\\functions\\node_modules\\firebase-admin\\lib\\index.js"} {"metadata":{"emulator":{"name":"functions"},"message":"[runtime-status] [22968] Resolved module firebase-admin {\"declared\":true,\"installed\":true,\"version\":\"8.12.1\",\"resolution\":\"C:\\\\Users\\\\diego\\\\Desktop\\\\profofconcept\\\\pdfonline\\\\functions\\\\node_modules\\\\firebase-admin\\\\lib\\\\index.js\"}"}}
[debug] [2020-06-05T04:11:41.855Z] [runtime-status] [22968] Resolved module firebase-functions {"declared":true,"installed":true,"version":"3.6.2","resolution":"C:\\Users\\diego\\Desktop\\profofconcept\\pdfonline\\functions\\node_modules\\firebase-functions\\lib\\index.js"} {"metadata":{"emulator":{"name":"functions"},"message":"[runtime-status] [22968] Resolved module firebase-functions {\"declared\":true,\"installed\":true,\"version\":\"3.6.2\",\"resolution\":\"C:\\\\Users\\\\diego\\\\Desktop\\\\profofconcept\\\\pdfonline\\\\functions\\\\node_modules\\\\firebase-functions\\\\lib\\\\index.js\"}"}}
[warn] !  functions: Your GOOGLE_APPLICATION_CREDENTIALS environment variable points to C:/Users/diego/Dropbox/Documents/firebase.json. Non-emulated services will access production using these credentials. Be careful! {"metadata":{"emulator":{"name":"functions"},"message":"Your GOOGLE_APPLICATION_CREDENTIALS environment variable points to C:/Users/diego/Dropbox/Documents/firebase.json. Non-emulated services will access production using these credentials. Be careful!"}}
[debug] [2020-06-05T04:11:41.857Z] [runtime-status] [22968] Outgoing network have been stubbed. [{"name":"http","status":"mocked"},{"name":"http","status":"mocked"},{"name":"https","status":"mocked"},{"name":"https","status":"mocked"},{"name":"net","status":"mocked"}] {"metadata":{"emulator":{"name":"functions"},"message":"[runtime-status] [22968] Outgoing network have been stubbed. [{\"name\":\"http\",\"status\":\"mocked\"},{\"name\":\"http\",\"status\":\"mocked\"},{\"name\":\"https\",\"status\":\"mocked\"},{\"name\":\"https\",\"status\":\"mocked\"},{\"name\":\"net\",\"status\":\"mocked\"}]"}}
[debug] [2020-06-05T04:11:41.858Z] [runtime-status] [22968] Resolved module firebase-functions {"declared":true,"installed":true,"version":"3.6.2","resolution":"C:\\Users\\diego\\Desktop\\profofconcept\\pdfonline\\functions\\node_modules\\firebase-functions\\lib\\index.js"} {"metadata":{"emulator":{"name":"functions"},"message":"[runtime-status] [22968] Resolved module firebase-functions {\"declared\":true,\"installed\":true,\"version\":\"3.6.2\",\"resolution\":\"C:\\\\Users\\\\diego\\\\Desktop\\\\profofconcept\\\\pdfonline\\\\functions\\\\node_modules\\\\firebase-functions\\\\lib\\\\index.js\"}"}}
[debug] [2020-06-05T04:11:41.902Z] [runtime-status] [22968] Checked functions.config() {"config":{}} {"metadata":{"emulator":{"name":"functions"},"message":"[runtime-status] [22968] Checked functions.config() {\"config\":{}}"}}
[debug] [2020-06-05T04:11:41.902Z] [runtime-status] [22968] firebase-functions has been stubbed. {"functionsResolution":{"declared":true,"installed":true,"version":"3.6.2","resolution":"C:\\Users\\diego\\Desktop\\profofconcept\\pdfonline\\functions\\node_modules\\firebase-functions\\lib\\index.js"}} {"metadata":{"emulator":{"name":"functions"},"message":"[runtime-status] [22968] firebase-functions has been stubbed. {\"functionsResolution\":{\"declared\":true,\"installed\":true,\"version\":\"3.6.2\",\"resolution\":\"C:\\\\Users\\\\diego\\\\Desktop\\\\profofconcept\\\\pdfonline\\\\functions\\\\node_modules\\\\firebase-functions\\\\lib\\\\index.js\"}}"}}
[debug] [2020-06-05T04:11:41.904Z] [runtime-status] [22968] Resolved module firebase-functions {"declared":true,"installed":true,"version":"3.6.2","resolution":"C:\\Users\\diego\\Desktop\\profofconcept\\pdfonline\\functions\\node_modules\\firebase-functions\\lib\\index.js"} {"metadata":{"emulator":{"name":"functions"},"message":"[runtime-status] [22968] Resolved module firebase-functions {\"declared\":true,\"installed\":true,\"version\":\"3.6.2\",\"resolution\":\"C:\\\\Users\\\\diego\\\\Desktop\\\\profofconcept\\\\pdfonline\\\\functions\\\\node_modules\\\\firebase-functions\\\\lib\\\\index.js\"}"}}
[debug] [2020-06-05T04:11:41.905Z] [runtime-status] [22968] Resolved module firebase-admin {"declared":true,"installed":true,"version":"8.12.1","resolution":"C:\\Users\\diego\\Desktop\\profofconcept\\pdfonline\\functions\\node_modules\\firebase-admin\\lib\\index.js"} {"metadata":{"emulator":{"name":"functions"},"message":"[runtime-status] [22968] Resolved module firebase-admin {\"declared\":true,\"installed\":true,\"version\":\"8.12.1\",\"resolution\":\"C:\\\\Users\\\\diego\\\\Desktop\\\\profofconcept\\\\pdfonline\\\\functions\\\\node_modules\\\\firebase-admin\\\\lib\\\\index.js\"}"}}
[debug] [2020-06-05T04:11:41.906Z] [runtime-status] [22968] Resolved module firebase-functions {"declared":true,"installed":true,"version":"3.6.2","resolution":"C:\\Users\\diego\\Desktop\\profofconcept\\pdfonline\\functions\\node_modules\\firebase-functions\\lib\\index.js"} {"metadata":{"emulator":{"name":"functions"},"message":"[runtime-status] [22968] Resolved module firebase-functions {\"declared\":true,\"installed\":true,\"version\":\"3.6.2\",\"resolution\":\"C:\\\\Users\\\\diego\\\\Desktop\\\\profofconcept\\\\pdfonline\\\\functions\\\\node_modules\\\\firebase-functions\\\\lib\\\\index.js\"}"}}
[debug] [2020-06-05T04:11:41.907Z] [runtime-status] [22968] firebase-admin has been stubbed. {"adminResolution":{"declared":true,"installed":true,"version":"8.12.1","resolution":"C:\\Users\\diego\\Desktop\\profofconcept\\pdfonline\\functions\\node_modules\\firebase-admin\\lib\\index.js"}} {"metadata":{"emulator":{"name":"functions"},"message":"[runtime-status] [22968] firebase-admin has been stubbed. {\"adminResolution\":{\"declared\":true,\"installed\":true,\"version\":\"8.12.1\",\"resolution\":\"C:\\\\Users\\\\diego\\\\Desktop\\\\profofconcept\\\\pdfonline\\\\functions\\\\node_modules\\\\firebase-admin\\\\lib\\\\index.js\"}}"}}
[info] 
┌───────────────────────────────────────────────────────────────────────┐
│ ✔  All emulators ready! View status and logs at http://localhost:4000 │
└───────────────────────────────────────────────────────────────────────┘

┌───────────┬────────────────┬─────────────────────────────────┐
│ Emulator  │ Host:Port      │ View in Emulator UI             │
├───────────┼────────────────┼─────────────────────────────────┤
│ Functions │ localhost:5001 │ http://localhost:4000/functions │
├───────────┼────────────────┼─────────────────────────────────┤
│ Firestore │ localhost:8081 │ http://localhost:4000/firestore │
├───────────┼────────────────┼─────────────────────────────────┤
│ Hosting   │ localhost:5000 │ n/a                             │
└───────────┴────────────────┴─────────────────────────────────┘
  Other reserved ports: 4400, 4500

Issues? Report them at https://github.com/firebase/firebase-tools/issues and attach the *-debug.log files.
 
[debug] [2020-06-05T04:11:41.949Z] [worker-~diagnostic~-abd4c31b-04f2-46df-bdb9-35761ddfa2c2]: IDLE {"metadata":{"emulator":{"name":"functions"},"message":"[worker-~diagnostic~-abd4c31b-04f2-46df-bdb9-35761ddfa2c2]: IDLE"}}
